2024-04-26 18:21:25,979 - INFO - Begin training!!!
2024-04-26 18:22:44,337 - INFO - Train Step: 0 loss: 0.66366118192672729492
2024-04-26 18:23:37,057 - INFO - Train Step: 0 loss: 0.96052139997482299805
2024-04-26 18:24:34,086 - INFO - Train Step: 0 loss: 0.90633690357208251953
2024-04-26 18:25:44,167 - INFO - Train Step: 0 loss: 0.50099194049835205078
2024-04-26 18:26:26,941 - INFO - Train Step: 0 loss: 0.51597923040390014648
2024-04-26 18:27:37,932 - INFO - Train Step: 0 ACC: 0.584642 f1: 0.718009 precision: 0.603586 recall: 0.885965
2024-04-26 18:28:49,900 - INFO - Train Step: 1 loss: 0.51271551847457885742
2024-04-26 18:29:49,364 - INFO - Train Step: 1 loss: 0.28121912479400634766
2024-04-26 18:30:43,216 - INFO - Train Step: 1 loss: 0.75152719020843505859
2024-04-26 18:31:30,758 - INFO - Train Step: 1 loss: 0.68662804365158081055
2024-04-26 18:32:27,492 - INFO - Train Step: 1 loss: 1.51200246810913085938
2024-04-26 18:33:21,386 - INFO - Train Step: 1 ACC: 0.576789 f1: 0.707302 precision: 0.602261 recall: 0.856725
2024-04-26 18:34:42,703 - INFO - Train Step: 2 loss: 0.34810084104537963867
2024-04-26 18:35:45,487 - INFO - Train Step: 2 loss: 0.56241542100906372070
2024-04-26 18:36:31,000 - INFO - Train Step: 2 loss: 0.41136187314987182617
2024-04-26 18:37:02,277 - INFO - Train Step: 2 loss: 0.57378673553466796875
2024-04-26 18:37:44,998 - INFO - Train Step: 2 loss: 0.31466263532638549805
2024-04-26 18:38:30,156 - INFO - Train Step: 2 ACC: 0.575334 f1: 0.696844 precision: 0.607091 recall: 0.817739
2024-04-26 18:38:56,594 - INFO - Train Step: 3 loss: 1.34039556980133056641
2024-04-26 18:39:38,670 - INFO - Train Step: 3 loss: 0.22171323001384735107
2024-04-26 18:40:17,797 - INFO - Train Step: 3 loss: 0.72673749923706054688
2024-04-26 18:41:09,111 - INFO - Train Step: 3 loss: 0.73782163858413696289
2024-04-26 18:42:48,797 - INFO - Train Step: 3 loss: 0.57828259468078613281
2024-04-26 18:43:31,022 - INFO - Train Step: 3 ACC: 0.571117 f1: 0.691172 precision: 0.606061 recall: 0.804094
2024-04-26 18:44:34,942 - INFO - Train Step: 4 loss: 0.74165242910385131836
2024-04-26 18:45:32,412 - INFO - Train Step: 4 loss: 0.67510163784027099609
2024-04-26 18:46:11,713 - INFO - Train Step: 4 loss: 0.18151916563510894775
2024-04-26 18:47:01,712 - INFO - Train Step: 4 loss: 0.54778391122817993164
2024-04-26 18:48:14,043 - INFO - Train Step: 4 loss: 0.75637084245681762695
2024-04-26 18:48:32,934 - INFO - Train Step: 4 ACC: 0.565794 f1: 0.683782 precision: 0.604766 recall: 0.786550
2024-04-26 18:49:22,566 - INFO - Train Step: 5 loss: 1.00984621047973632812
2024-04-26 18:50:32,834 - INFO - Train Step: 5 loss: 0.88516622781753540039
2024-04-26 18:50:57,756 - INFO - Train Step: 5 loss: 0.50831133127212524414
2024-04-26 18:52:04,091 - INFO - Train Step: 5 loss: 0.43352320790290832520
2024-04-26 18:53:07,869 - INFO - Train Step: 5 loss: 0.32330480217933654785
2024-04-26 18:53:36,446 - INFO - Train Step: 5 ACC: 0.565445 f1: 0.684010 precision: 0.604260 recall: 0.788012
2024-04-26 18:54:17,724 - INFO - Train Step: 6 loss: 0.87735509872436523438
2024-04-26 18:54:59,879 - INFO - Train Step: 6 loss: 0.37455561757087707520
2024-04-26 18:56:20,501 - INFO - Train Step: 6 loss: 0.52913683652877807617
2024-04-26 18:57:06,198 - INFO - Train Step: 6 loss: 0.35043412446975708008
2024-04-26 18:57:51,614 - INFO - Train Step: 6 loss: 0.28195285797119140625
2024-04-26 18:58:37,484 - INFO - Train Step: 6 ACC: 0.563949 f1: 0.681247 precision: 0.604268 recall: 0.780702
2024-04-26 18:59:43,368 - INFO - Train Step: 7 loss: 0.37990966439247131348
2024-04-26 19:00:35,406 - INFO - Train Step: 7 loss: 0.74946671724319458008
2024-04-26 19:01:28,298 - INFO - Train Step: 7 loss: 0.22972808778285980225
2024-04-26 19:02:15,274 - INFO - Train Step: 7 loss: 0.80782371759414672852
2024-04-26 19:03:05,110 - INFO - Train Step: 7 loss: 0.97666931152343750000
2024-04-26 19:03:43,076 - INFO - Train Step: 7 ACC: 0.562827 f1: 0.676670 precision: 0.605719 recall: 0.766447
2024-04-26 19:04:39,560 - INFO - Train Step: 8 loss: 0.58594244718551635742
2024-04-26 19:05:31,262 - INFO - Train Step: 8 loss: 0.65157306194305419922
2024-04-26 19:06:13,115 - INFO - Train Step: 8 loss: 0.72020137310028076172
2024-04-26 19:07:21,961 - INFO - Train Step: 8 loss: 0.60954946279525756836
2024-04-26 19:08:26,097 - INFO - Train Step: 8 loss: 0.95088917016983032227
2024-04-26 19:08:46,025 - INFO - Train Step: 8 ACC: 0.566415 f1: 0.679381 precision: 0.608060 recall: 0.769656
2024-04-26 19:09:15,610 - INFO - Train Step: 9 loss: 1.15399014949798583984
2024-04-26 19:10:37,130 - INFO - Train Step: 9 loss: 0.95778417587280273438
2024-04-26 19:11:41,339 - INFO - Train Step: 9 loss: 0.45652428269386291504
2024-04-26 19:12:27,607 - INFO - Train Step: 9 loss: 0.49158436059951782227
2024-04-26 19:13:01,978 - INFO - Train Step: 9 loss: 1.09643054008483886719
2024-04-26 19:13:50,325 - INFO - Train Step: 9 ACC: 0.566841 f1: 0.679162 precision: 0.608665 recall: 0.768129
2024-04-26 19:15:04,915 - INFO - Train Step: 10 loss: 0.77521890401840209961
2024-04-26 19:16:37,124 - INFO - Train Step: 10 loss: 1.04475176334381103516
2024-04-26 19:18:08,068 - INFO - Train Step: 10 loss: 0.45470163226127624512
2024-04-26 19:19:46,502 - INFO - Train Step: 10 loss: 0.59799247980117797852
2024-04-26 19:20:45,076 - INFO - Train Step: 10 loss: 1.01924490928649902344
2024-04-26 19:21:06,093 - INFO - Train Step: 10 ACC: 0.567190 f1: 0.680113 precision: 0.608477 recall: 0.770867
2024-04-26 19:22:26,915 - INFO - Train Step: 11 loss: 0.60614210367202758789
2024-04-26 19:23:10,398 - INFO - Train Step: 11 loss: 1.08940494060516357422
2024-04-26 19:24:01,705 - INFO - Train Step: 11 loss: 0.35562926530838012695
2024-04-26 19:25:01,491 - INFO - Train Step: 11 loss: 0.93811511993408203125
2024-04-26 19:25:37,066 - INFO - Train Step: 11 loss: 0.43594390153884887695
2024-04-26 19:26:23,670 - INFO - Train Step: 11 ACC: 0.568935 f1: 0.681906 precision: 0.609321 recall: 0.774123
2024-04-26 19:27:17,539 - INFO - Train Step: 12 loss: 0.67101091146469116211
2024-04-26 19:28:01,804 - INFO - Train Step: 12 loss: 0.79244750738143920898
2024-04-26 19:29:15,090 - INFO - Train Step: 12 loss: 1.00565719604492187500
2024-04-26 19:30:09,883 - INFO - Train Step: 12 loss: 0.99692529439926147461
2024-04-26 19:31:19,130 - INFO - Train Step: 12 loss: 1.19377970695495605469
2024-04-26 19:32:04,013 - INFO - Train Step: 12 ACC: 0.569472 f1: 0.683009 precision: 0.609240 recall: 0.777103
2024-04-26 19:32:44,332 - INFO - Train Step: 13 loss: 0.97830295562744140625
2024-04-26 19:34:34,270 - INFO - Train Step: 13 loss: 1.06764483451843261719
2024-04-26 19:35:28,864 - INFO - Train Step: 13 loss: 0.62694847583770751953
2024-04-26 19:36:08,812 - INFO - Train Step: 13 loss: 0.73442518711090087891
2024-04-26 19:36:58,073 - INFO - Train Step: 13 loss: 0.52771574258804321289
2024-04-26 19:37:22,823 - INFO - Train Step: 13 ACC: 0.570182 f1: 0.683321 precision: 0.609836 recall: 0.776942
2024-04-26 19:38:23,457 - INFO - Train Step: 14 loss: 0.92781579494476318359
2024-04-26 19:39:07,328 - INFO - Train Step: 14 loss: 0.36005547642707824707
2024-04-26 19:40:44,160 - INFO - Train Step: 14 loss: 0.72380381822586059570
2024-04-26 19:41:26,180 - INFO - Train Step: 14 loss: 0.83600312471389770508
2024-04-26 19:42:09,797 - INFO - Train Step: 14 loss: 0.72594630718231201172
2024-04-26 19:42:32,651 - INFO - Train Step: 14 ACC: 0.570797 f1: 0.684188 precision: 0.609983 recall: 0.778947
2024-04-26 19:43:13,213 - INFO - Train Step: 15 loss: 0.51785844564437866211
2024-04-26 19:44:25,986 - INFO - Train Step: 15 loss: 1.10514497756958007812
2024-04-26 19:45:24,975 - INFO - Train Step: 15 loss: 2.55942749977111816406
2024-04-26 19:46:22,164 - INFO - Train Step: 15 loss: 0.42371174693107604980
2024-04-26 19:47:15,265 - INFO - Train Step: 15 loss: 0.37417522072792053223
2024-04-26 19:47:36,879 - INFO - Train Step: 15 ACC: 0.571990 f1: 0.686981 precision: 0.609570 recall: 0.786915
2024-04-26 19:48:40,417 - INFO - Train Step: 16 loss: 0.49754002690315246582
2024-04-26 19:49:14,122 - INFO - Train Step: 16 loss: 0.81217855215072631836
2024-04-26 19:50:17,379 - INFO - Train Step: 16 loss: 0.84932744503021240234
2024-04-26 19:51:21,333 - INFO - Train Step: 16 loss: 0.43906599283218383789
2024-04-26 19:52:02,247 - INFO - Train Step: 16 loss: 0.85362350940704345703
2024-04-26 19:52:41,101 - INFO - Train Step: 16 ACC: 0.573452 f1: 0.691101 precision: 0.608616 recall: 0.799450
2024-04-26 19:53:24,609 - INFO - Train Step: 17 loss: 0.46873041987419128418
2024-04-26 19:54:17,077 - INFO - Train Step: 17 loss: 1.08821213245391845703
2024-04-26 19:55:06,044 - INFO - Train Step: 17 loss: 0.91977196931838989258
2024-04-26 19:55:57,993 - INFO - Train Step: 17 loss: 0.41036656498908996582
2024-04-26 19:57:04,361 - INFO - Train Step: 17 loss: 0.58232706785202026367
2024-04-26 19:58:02,168 - INFO - Train Step: 17 ACC: 0.574268 f1: 0.694071 precision: 0.607661 recall: 0.809129
2024-04-26 19:58:55,500 - INFO - Train Step: 18 loss: 0.43542233109474182129
2024-04-26 19:59:46,847 - INFO - Train Step: 18 loss: 0.50073200464248657227
2024-04-26 20:00:51,235 - INFO - Train Step: 18 loss: 0.56397098302841186523
2024-04-26 20:01:45,758 - INFO - Train Step: 18 loss: 0.35626071691513061523
2024-04-26 20:02:38,082 - INFO - Train Step: 18 loss: 0.68805432319641113281
2024-04-26 20:03:09,389 - INFO - Train Step: 18 ACC: 0.574906 f1: 0.696246 precision: 0.607004 recall: 0.816251
2024-04-26 20:04:13,792 - INFO - Train Step: 19 loss: 0.80688321590423583984
2024-04-26 20:05:04,701 - INFO - Train Step: 19 loss: 0.49655631184577941895
2024-04-26 20:06:06,071 - INFO - Train Step: 19 loss: 0.44841831922531127930
2024-04-26 20:06:46,558 - INFO - Train Step: 19 loss: 0.43451538681983947754
2024-04-26 20:07:34,772 - INFO - Train Step: 19 loss: 0.47005409002304077148
2024-04-26 20:08:21,117 - INFO - Train Step: 19 ACC: 0.575480 f1: 0.698220 precision: 0.606400 recall: 0.822807
2024-04-26 20:08:46,632 - INFO - Begin testing!!!
2024-04-26 20:08:46,635 - INFO - Test Dataset size: 144 
2024-04-26 20:08:46,643 - INFO - Test Step: 1 loss: 0.50304120779037475586 
2024-04-26 20:08:46,643 - INFO - 1	 YES

2024-04-26 20:08:46,820 - INFO - Test Step: 2 loss: 0.92808127403259277344 
2024-04-26 20:08:46,821 - INFO - 2	 NO

2024-04-26 20:08:46,841 - INFO - Test Step: 3 loss: 0.50304120779037475586 
2024-04-26 20:08:46,842 - INFO - 3	 YES

2024-04-26 20:08:46,846 - INFO - Test Step: 4 loss: 0.92808264493942260742 
2024-04-26 20:08:46,846 - INFO - 4	 NO

2024-04-26 20:08:46,882 - INFO - Test Step: 5 loss: 0.50304138660430908203 
2024-04-26 20:08:46,882 - INFO - 5	 YES

2024-04-26 20:08:46,886 - INFO - Test Step: 6 loss: 0.50304090976715087891 
2024-04-26 20:08:46,887 - INFO - 6	 YES

2024-04-26 20:08:46,895 - INFO - Test Step: 7 loss: 0.50304120779037475586 
2024-04-26 20:08:46,896 - INFO - 7	 YES

2024-04-26 20:08:46,924 - INFO - Test Step: 8 loss: 0.50304126739501953125 
2024-04-26 20:08:46,924 - INFO - 8	 YES

2024-04-26 20:08:46,940 - INFO - Test Step: 9 loss: 0.50304120779037475586 
2024-04-26 20:08:46,940 - INFO - 9	 YES

2024-04-26 20:08:47,038 - INFO - Test Step: 10 loss: 0.50304150581359863281 
2024-04-26 20:08:47,039 - INFO - 10	 YES

2024-04-26 20:08:47,164 - INFO - Test Step: 11 loss: 0.50304168462753295898 
2024-04-26 20:08:47,164 - INFO - 11	 YES

2024-04-26 20:08:47,169 - INFO - Test Step: 12 loss: 0.50304090976715087891 
2024-04-26 20:08:47,169 - INFO - 12	 YES

2024-04-26 20:08:47,194 - INFO - Test Step: 13 loss: 0.50304138660430908203 
2024-04-26 20:08:47,195 - INFO - 13	 YES

2024-04-26 20:08:47,219 - INFO - Test Step: 14 loss: 0.50304126739501953125 
2024-04-26 20:08:47,220 - INFO - 14	 YES

2024-04-26 20:08:47,342 - INFO - Test Step: 15 loss: 0.50304168462753295898 
2024-04-26 20:08:47,343 - INFO - 15	 YES

2024-04-26 20:08:47,348 - INFO - Test Step: 16 loss: 0.50304090976715087891 
2024-04-26 20:08:47,348 - INFO - 16	 YES

2024-04-26 20:08:47,385 - INFO - Test Step: 17 loss: 0.92808187007904052734 
2024-04-26 20:08:47,386 - INFO - 17	 NO

2024-04-26 20:08:48,739 - INFO - Test Step: 18 loss: 0.50304383039474487305 
2024-04-26 20:08:48,739 - INFO - 18	 YES

2024-04-26 20:08:48,898 - INFO - Test Step: 19 loss: 0.92808145284652709961 
2024-04-26 20:08:48,899 - INFO - 19	 NO

2024-04-26 20:08:48,903 - INFO - Test Step: 20 loss: 0.50304090976715087891 
2024-04-26 20:08:48,904 - INFO - 20	 YES

2024-04-26 20:08:48,922 - INFO - Test Step: 21 loss: 0.50304126739501953125 
2024-04-26 20:08:48,922 - INFO - 21	 YES

2024-04-26 20:08:48,928 - INFO - Test Step: 22 loss: 0.92808264493942260742 
2024-04-26 20:08:48,928 - INFO - 22	 NO

2024-04-26 20:08:48,933 - INFO - Test Step: 23 loss: 0.92808264493942260742 
2024-04-26 20:08:48,933 - INFO - 23	 NO

2024-04-26 20:08:49,168 - INFO - Test Step: 24 loss: 0.50304198265075683594 
2024-04-26 20:08:49,168 - INFO - 24	 YES

2024-04-26 20:08:49,227 - INFO - Test Step: 25 loss: 0.92808187007904052734 
2024-04-26 20:08:49,229 - INFO - 25	 NO

2024-04-26 20:08:49,444 - INFO - Test Step: 26 loss: 0.92808115482330322266 
2024-04-26 20:08:49,444 - INFO - 26	 NO

2024-04-26 20:08:51,085 - INFO - Test Step: 27 loss: 0.50304424762725830078 
2024-04-26 20:08:51,086 - INFO - 27	 YES

2024-04-26 20:08:51,184 - INFO - Test Step: 28 loss: 0.50304150581359863281 
2024-04-26 20:08:51,185 - INFO - 28	 YES

2024-04-26 20:08:51,191 - INFO - Test Step: 29 loss: 0.92808216810226440430 
2024-04-26 20:08:51,191 - INFO - 29	 NO

2024-04-26 20:08:51,198 - INFO - Test Step: 30 loss: 0.50304120779037475586 
2024-04-26 20:08:51,198 - INFO - 30	 YES

2024-04-26 20:08:51,430 - INFO - Test Step: 31 loss: 0.50304198265075683594 
2024-04-26 20:08:51,431 - INFO - 31	 YES

2024-04-26 20:08:51,452 - INFO - Test Step: 32 loss: 0.50304120779037475586 
2024-04-26 20:08:51,452 - INFO - 32	 YES

2024-04-26 20:08:51,481 - INFO - Test Step: 33 loss: 0.92808187007904052734 
2024-04-26 20:08:51,481 - INFO - 33	 NO

2024-04-26 20:08:51,652 - INFO - Test Step: 34 loss: 0.92808127403259277344 
2024-04-26 20:08:51,653 - INFO - 34	 NO

2024-04-26 20:08:51,767 - INFO - Test Step: 35 loss: 0.50304156541824340820 
2024-04-26 20:08:51,768 - INFO - 35	 YES

2024-04-26 20:08:51,982 - INFO - Test Step: 36 loss: 0.50304186344146728516 
2024-04-26 20:08:51,982 - INFO - 36	 YES

2024-04-26 20:08:51,987 - INFO - Test Step: 37 loss: 0.92808216810226440430 
2024-04-26 20:08:51,988 - INFO - 37	 NO

2024-04-26 20:08:52,010 - INFO - Test Step: 38 loss: 0.50304126739501953125 
2024-04-26 20:08:52,010 - INFO - 38	 YES

2024-04-26 20:08:52,025 - INFO - Test Step: 39 loss: 0.50304120779037475586 
2024-04-26 20:08:52,026 - INFO - 39	 YES

2024-04-26 20:08:52,040 - INFO - Test Step: 40 loss: 0.50304120779037475586 
2024-04-26 20:08:52,040 - INFO - 40	 YES

2024-04-26 20:08:52,190 - INFO - Test Step: 41 loss: 0.92808145284652709961 
2024-04-26 20:08:52,190 - INFO - 41	 NO

2024-04-26 20:08:52,232 - INFO - Test Step: 42 loss: 0.50304138660430908203 
2024-04-26 20:08:52,232 - INFO - 42	 YES

2024-04-26 20:08:52,263 - INFO - Test Step: 43 loss: 0.50304126739501953125 
2024-04-26 20:08:52,264 - INFO - 43	 YES

2024-04-26 20:08:52,287 - INFO - Test Step: 44 loss: 0.50304120779037475586 
2024-04-26 20:08:52,287 - INFO - 44	 YES

2024-04-26 20:08:52,310 - INFO - Test Step: 45 loss: 0.50304126739501953125 
2024-04-26 20:08:52,311 - INFO - 45	 YES

2024-04-26 20:08:52,356 - INFO - Test Step: 46 loss: 0.92808187007904052734 
2024-04-26 20:08:52,357 - INFO - 46	 NO

2024-04-26 20:08:52,620 - INFO - Test Step: 47 loss: 0.50304198265075683594 
2024-04-26 20:08:52,620 - INFO - 47	 YES

2024-04-26 20:08:52,625 - INFO - Test Step: 48 loss: 0.50304120779037475586 
2024-04-26 20:08:52,626 - INFO - 48	 YES

2024-04-26 20:08:52,659 - INFO - Test Step: 49 loss: 0.50304138660430908203 
2024-04-26 20:08:52,660 - INFO - 49	 YES

2024-04-26 20:08:52,687 - INFO - Test Step: 50 loss: 0.50304126739501953125 
2024-04-26 20:08:52,687 - INFO - 50	 YES

2024-04-26 20:08:55,794 - INFO - Test Step: 51 loss: 0.50304621458053588867 
2024-04-26 20:08:55,795 - INFO - 51	 YES

2024-04-26 20:08:55,817 - INFO - Test Step: 52 loss: 0.92808216810226440430 
2024-04-26 20:08:55,817 - INFO - 52	 NO

2024-04-26 20:08:57,463 - INFO - Test Step: 53 loss: 0.92807763814926147461 
2024-04-26 20:08:57,464 - INFO - 53	 NO

2024-04-26 20:08:57,475 - INFO - Test Step: 54 loss: 0.50304120779037475586 
2024-04-26 20:08:57,475 - INFO - 54	 YES

2024-04-26 20:08:57,911 - INFO - Test Step: 55 loss: 0.92808037996292114258 
2024-04-26 20:08:57,911 - INFO - 55	 NO

2024-04-26 20:08:58,011 - INFO - Test Step: 56 loss: 0.92808175086975097656 
2024-04-26 20:08:58,012 - INFO - 56	 NO

2024-04-26 20:08:58,017 - INFO - Test Step: 57 loss: 0.50304120779037475586 
2024-04-26 20:08:58,017 - INFO - 57	 YES

2024-04-26 20:08:58,103 - INFO - Test Step: 58 loss: 0.50304150581359863281 
2024-04-26 20:08:58,103 - INFO - 58	 YES

2024-04-26 20:08:58,108 - INFO - Test Step: 59 loss: 0.50304090976715087891 
2024-04-26 20:08:58,108 - INFO - 59	 YES

2024-04-26 20:08:58,112 - INFO - Test Step: 60 loss: 0.50304090976715087891 
2024-04-26 20:08:58,112 - INFO - 60	 YES

2024-04-26 20:08:58,140 - INFO - Test Step: 61 loss: 0.92808204889297485352 
2024-04-26 20:08:58,140 - INFO - 61	 NO

2024-04-26 20:08:58,166 - INFO - Test Step: 62 loss: 0.50304126739501953125 
2024-04-26 20:08:58,166 - INFO - 62	 YES

2024-04-26 20:08:58,173 - INFO - Test Step: 63 loss: 0.50304120779037475586 
2024-04-26 20:08:58,173 - INFO - 63	 YES

2024-04-26 20:08:58,258 - INFO - Test Step: 64 loss: 0.92808175086975097656 
2024-04-26 20:08:58,259 - INFO - 64	 NO

2024-04-26 20:08:58,286 - INFO - Test Step: 65 loss: 0.92808204889297485352 
2024-04-26 20:08:58,286 - INFO - 65	 NO

2024-04-26 20:08:58,536 - INFO - Test Step: 66 loss: 0.92808097600936889648 
2024-04-26 20:08:58,537 - INFO - 66	 NO

2024-04-26 20:08:58,815 - INFO - Test Step: 67 loss: 0.92808085680007934570 
2024-04-26 20:08:58,815 - INFO - 67	 NO

2024-04-26 20:08:58,840 - INFO - Test Step: 68 loss: 0.50304126739501953125 
2024-04-26 20:08:58,841 - INFO - 68	 YES

2024-04-26 20:08:58,863 - INFO - Test Step: 69 loss: 0.50304120779037475586 
2024-04-26 20:08:58,863 - INFO - 69	 YES

2024-04-26 20:08:59,181 - INFO - Test Step: 70 loss: 0.92808067798614501953 
2024-04-26 20:08:59,181 - INFO - 70	 NO

2024-04-26 20:08:59,271 - INFO - Test Step: 71 loss: 0.50304150581359863281 
2024-04-26 20:08:59,271 - INFO - 71	 YES

2024-04-26 20:08:59,573 - INFO - Test Step: 72 loss: 0.92808067798614501953 
2024-04-26 20:08:59,574 - INFO - 72	 NO

2024-04-26 20:08:59,581 - INFO - Test Step: 73 loss: 0.92808216810226440430 
2024-04-26 20:08:59,581 - INFO - 73	 NO

2024-04-26 20:08:59,626 - INFO - Test Step: 74 loss: 0.50304138660430908203 
2024-04-26 20:08:59,626 - INFO - 74	 YES

2024-04-26 20:08:59,735 - INFO - Test Step: 75 loss: 0.50304156541824340820 
2024-04-26 20:08:59,736 - INFO - 75	 YES

2024-04-26 20:08:59,763 - INFO - Test Step: 76 loss: 0.50304138660430908203 
2024-04-26 20:08:59,763 - INFO - 76	 YES

2024-04-26 20:08:59,787 - INFO - Test Step: 77 loss: 0.92808204889297485352 
2024-04-26 20:08:59,787 - INFO - 77	 NO

2024-04-26 20:08:59,792 - INFO - Test Step: 78 loss: 0.92808264493942260742 
2024-04-26 20:08:59,792 - INFO - 78	 NO

2024-04-26 20:09:00,059 - INFO - Test Step: 79 loss: 0.50304198265075683594 
2024-04-26 20:09:00,060 - INFO - 79	 YES

2024-04-26 20:09:00,360 - INFO - Test Step: 80 loss: 0.92808097600936889648 
2024-04-26 20:09:00,360 - INFO - 80	 NO

2024-04-26 20:09:00,364 - INFO - Test Step: 81 loss: 0.92808264493942260742 
2024-04-26 20:09:00,364 - INFO - 81	 NO

2024-04-26 20:09:00,389 - INFO - Test Step: 82 loss: 0.50304126739501953125 
2024-04-26 20:09:00,389 - INFO - 82	 YES

2024-04-26 20:09:00,394 - INFO - Test Step: 83 loss: 0.50304090976715087891 
2024-04-26 20:09:00,394 - INFO - 83	 YES

2024-04-26 20:09:00,401 - INFO - Test Step: 84 loss: 0.92808216810226440430 
2024-04-26 20:09:00,401 - INFO - 84	 NO

2024-04-26 20:09:00,698 - INFO - Test Step: 85 loss: 0.92808085680007934570 
2024-04-26 20:09:00,698 - INFO - 85	 NO

2024-04-26 20:09:04,165 - INFO - Test Step: 86 loss: 0.50304698944091796875 
2024-04-26 20:09:04,166 - INFO - 86	 YES

2024-04-26 20:09:04,181 - INFO - Test Step: 87 loss: 0.92808216810226440430 
2024-04-26 20:09:04,181 - INFO - 87	 NO

2024-04-26 20:09:04,208 - INFO - Test Step: 88 loss: 0.92808204889297485352 
2024-04-26 20:09:04,209 - INFO - 88	 NO

2024-04-26 20:09:04,232 - INFO - Test Step: 89 loss: 0.50304126739501953125 
2024-04-26 20:09:04,233 - INFO - 89	 YES

2024-04-26 20:09:04,249 - INFO - Test Step: 90 loss: 0.50304120779037475586 
2024-04-26 20:09:04,249 - INFO - 90	 YES

2024-04-26 20:09:04,393 - INFO - Test Step: 91 loss: 0.92808145284652709961 
2024-04-26 20:09:04,393 - INFO - 91	 NO

2024-04-26 20:09:04,400 - INFO - Test Step: 92 loss: 0.50304090976715087891 
2024-04-26 20:09:04,401 - INFO - 92	 YES

2024-04-26 20:09:04,407 - INFO - Test Step: 93 loss: 0.50304090976715087891 
2024-04-26 20:09:04,408 - INFO - 93	 YES

2024-04-26 20:09:04,424 - INFO - Test Step: 94 loss: 0.92808216810226440430 
2024-04-26 20:09:04,424 - INFO - 94	 NO

2024-04-26 20:09:04,430 - INFO - Test Step: 95 loss: 0.50304090976715087891 
2024-04-26 20:09:04,431 - INFO - 95	 YES

2024-04-26 20:09:04,437 - INFO - Test Step: 96 loss: 0.50304090976715087891 
2024-04-26 20:09:04,437 - INFO - 96	 YES

2024-04-26 20:09:04,442 - INFO - Test Step: 97 loss: 0.50304090976715087891 
2024-04-26 20:09:04,443 - INFO - 97	 YES

2024-04-26 20:09:04,467 - INFO - Test Step: 98 loss: 0.50304126739501953125 
2024-04-26 20:09:04,467 - INFO - 98	 YES

2024-04-26 20:09:04,699 - INFO - Test Step: 99 loss: 0.50304186344146728516 
2024-04-26 20:09:04,699 - INFO - 99	 YES

2024-04-26 20:09:04,707 - INFO - Test Step: 100 loss: 0.50304090976715087891 
2024-04-26 20:09:04,707 - INFO - 100	 YES

2024-04-26 20:09:04,734 - INFO - Test Step: 101 loss: 0.50304120779037475586 
2024-04-26 20:09:04,734 - INFO - 101	 YES

2024-04-26 20:09:04,763 - INFO - Test Step: 102 loss: 0.50304126739501953125 
2024-04-26 20:09:04,764 - INFO - 102	 YES

2024-04-26 20:09:04,775 - INFO - Test Step: 103 loss: 0.50304120779037475586 
2024-04-26 20:09:04,776 - INFO - 103	 YES

2024-04-26 20:09:04,781 - INFO - Test Step: 104 loss: 0.50304090976715087891 
2024-04-26 20:09:04,782 - INFO - 104	 YES

2024-04-26 20:09:05,628 - INFO - Test Step: 105 loss: 0.92807930707931518555 
2024-04-26 20:09:05,628 - INFO - 105	 NO

2024-04-26 20:09:05,635 - INFO - Test Step: 106 loss: 0.92808216810226440430 
2024-04-26 20:09:05,635 - INFO - 106	 NO

2024-04-26 20:09:05,698 - INFO - Test Step: 107 loss: 0.92808187007904052734 
2024-04-26 20:09:05,698 - INFO - 107	 NO

2024-04-26 20:09:05,732 - INFO - Test Step: 108 loss: 0.50304138660430908203 
2024-04-26 20:09:05,732 - INFO - 108	 YES

2024-04-26 20:09:06,604 - INFO - Test Step: 109 loss: 0.92807930707931518555 
2024-04-26 20:09:06,604 - INFO - 109	 NO

2024-04-26 20:09:06,618 - INFO - Test Step: 110 loss: 0.50304120779037475586 
2024-04-26 20:09:06,618 - INFO - 110	 YES

2024-04-26 20:09:06,819 - INFO - Test Step: 111 loss: 0.50304186344146728516 
2024-04-26 20:09:06,819 - INFO - 111	 YES

2024-04-26 20:09:06,919 - INFO - Test Step: 112 loss: 0.50304150581359863281 
2024-04-26 20:09:06,919 - INFO - 112	 YES

2024-04-26 20:09:06,954 - INFO - Test Step: 113 loss: 0.50304138660430908203 
2024-04-26 20:09:06,954 - INFO - 113	 YES

2024-04-26 20:09:06,988 - INFO - Test Step: 114 loss: 0.50304126739501953125 
2024-04-26 20:09:06,989 - INFO - 114	 YES

2024-04-26 20:09:07,035 - INFO - Test Step: 115 loss: 0.50304138660430908203 
2024-04-26 20:09:07,036 - INFO - 115	 YES

2024-04-26 20:09:07,104 - INFO - Test Step: 116 loss: 0.92808187007904052734 
2024-04-26 20:09:07,104 - INFO - 116	 NO

2024-04-26 20:09:07,140 - INFO - Test Step: 117 loss: 0.50304126739501953125 
2024-04-26 20:09:07,141 - INFO - 117	 YES

2024-04-26 20:09:07,151 - INFO - Test Step: 118 loss: 0.92808216810226440430 
2024-04-26 20:09:07,151 - INFO - 118	 NO

2024-04-26 20:09:07,183 - INFO - Test Step: 119 loss: 0.50304126739501953125 
2024-04-26 20:09:07,183 - INFO - 119	 YES

2024-04-26 20:09:07,444 - INFO - Test Step: 120 loss: 0.50304198265075683594 
2024-04-26 20:09:07,444 - INFO - 120	 YES

2024-04-26 20:09:07,502 - INFO - Test Step: 121 loss: 0.92808187007904052734 
2024-04-26 20:09:07,503 - INFO - 121	 NO

2024-04-26 20:09:07,509 - INFO - Test Step: 122 loss: 0.50304090976715087891 
2024-04-26 20:09:07,509 - INFO - 122	 YES

2024-04-26 20:09:07,545 - INFO - Test Step: 123 loss: 0.50304138660430908203 
2024-04-26 20:09:07,546 - INFO - 123	 YES

2024-04-26 20:09:07,550 - INFO - Test Step: 124 loss: 0.92808264493942260742 
2024-04-26 20:09:07,550 - INFO - 124	 NO

2024-04-26 20:09:07,736 - INFO - Test Step: 125 loss: 0.92808127403259277344 
2024-04-26 20:09:07,736 - INFO - 125	 NO

2024-04-26 20:09:07,775 - INFO - Test Step: 126 loss: 0.50304138660430908203 
2024-04-26 20:09:07,776 - INFO - 126	 YES

2024-04-26 20:09:07,781 - INFO - Test Step: 127 loss: 0.50304090976715087891 
2024-04-26 20:09:07,782 - INFO - 127	 YES

2024-04-26 20:09:08,067 - INFO - Test Step: 128 loss: 0.50304198265075683594 
2024-04-26 20:09:08,067 - INFO - 128	 YES

2024-04-26 20:09:08,073 - INFO - Test Step: 129 loss: 0.50304090976715087891 
2024-04-26 20:09:08,073 - INFO - 129	 YES

2024-04-26 20:09:08,077 - INFO - Test Step: 130 loss: 0.50304090976715087891 
2024-04-26 20:09:08,077 - INFO - 130	 YES

2024-04-26 20:09:09,079 - INFO - Test Step: 131 loss: 0.92807900905609130859 
2024-04-26 20:09:09,080 - INFO - 131	 NO

2024-04-26 20:09:09,088 - INFO - Test Step: 132 loss: 0.92808216810226440430 
2024-04-26 20:09:09,089 - INFO - 132	 NO

2024-04-26 20:09:09,350 - INFO - Test Step: 133 loss: 0.50304198265075683594 
2024-04-26 20:09:09,351 - INFO - 133	 YES

2024-04-26 20:09:09,368 - INFO - Test Step: 134 loss: 0.50304120779037475586 
2024-04-26 20:09:09,368 - INFO - 134	 YES

2024-04-26 20:09:09,377 - INFO - Test Step: 135 loss: 0.50304120779037475586 
2024-04-26 20:09:09,378 - INFO - 135	 YES

2024-04-26 20:09:09,382 - INFO - Test Step: 136 loss: 0.50304090976715087891 
2024-04-26 20:09:09,382 - INFO - 136	 YES

2024-04-26 20:09:09,388 - INFO - Test Step: 137 loss: 0.50304090976715087891 
2024-04-26 20:09:09,389 - INFO - 137	 YES

2024-04-26 20:09:09,491 - INFO - Test Step: 138 loss: 0.92808175086975097656 
2024-04-26 20:09:09,492 - INFO - 138	 NO

2024-04-26 20:09:09,547 - INFO - Test Step: 139 loss: 0.92808187007904052734 
2024-04-26 20:09:09,547 - INFO - 139	 NO

2024-04-26 20:09:09,742 - INFO - Test Step: 140 loss: 0.92808127403259277344 
2024-04-26 20:09:09,742 - INFO - 140	 NO

2024-04-26 20:09:09,767 - INFO - Test Step: 141 loss: 0.50304126739501953125 
2024-04-26 20:09:09,768 - INFO - 141	 YES

2024-04-26 20:09:09,978 - INFO - Test Step: 142 loss: 0.50304186344146728516 
2024-04-26 20:09:09,979 - INFO - 142	 YES

2024-04-26 20:09:10,036 - INFO - Test Step: 143 loss: 0.92808187007904052734 
2024-04-26 20:09:10,036 - INFO - 143	 NO

2024-04-26 20:09:10,040 - INFO - Test Step: 144 loss: 0.50304090976715087891 
2024-04-26 20:09:10,040 - INFO - 144	 YES

2024-04-26 20:09:37,009 - INFO - Test Accuracy: 0.645833  F1: 0.784810
