2024-04-26 20:17:33,270 - INFO - Begin training!!!
2024-04-26 20:17:33,281 - INFO - Begin testing!!!
2024-04-26 20:17:33,282 - INFO - Test Dataset size: 144 
2024-04-26 20:17:33,316 - INFO - Test Step: 1 loss: 0.30810397863388061523 
2024-04-26 20:17:33,316 - INFO - 1	 YES

2024-04-26 20:17:33,448 - INFO - Test Step: 2 loss: 1.32560873031616210938 
2024-04-26 20:17:33,448 - INFO - 2	 NO

2024-04-26 20:17:33,462 - INFO - Test Step: 3 loss: 0.30875739455223083496 
2024-04-26 20:17:33,462 - INFO - 3	 YES

2024-04-26 20:17:33,466 - INFO - Test Step: 4 loss: 1.41443860530853271484 
2024-04-26 20:17:33,466 - INFO - 4	 NO

2024-04-26 20:17:33,490 - INFO - Test Step: 5 loss: 0.30875748395919799805 
2024-04-26 20:17:33,491 - INFO - 5	 YES

2024-04-26 20:17:33,494 - INFO - Test Step: 6 loss: 0.27847394347190856934 
2024-04-26 20:17:33,494 - INFO - 6	 YES

2024-04-26 20:17:33,500 - INFO - Test Step: 7 loss: 0.30875560641288757324 
2024-04-26 20:17:33,501 - INFO - 7	 YES

2024-04-26 20:17:33,521 - INFO - Test Step: 8 loss: 0.30875739455223083496 
2024-04-26 20:17:33,522 - INFO - 8	 YES

2024-04-26 20:17:33,533 - INFO - Test Step: 9 loss: 0.30875730514526367188 
2024-04-26 20:17:33,533 - INFO - 9	 YES

2024-04-26 20:17:33,604 - INFO - Test Step: 10 loss: 0.30875754356384277344 
2024-04-26 20:17:33,604 - INFO - 10	 YES

2024-04-26 20:17:33,704 - INFO - Test Step: 11 loss: 0.30875754356384277344 
2024-04-26 20:17:33,705 - INFO - 11	 YES

2024-04-26 20:17:33,709 - INFO - Test Step: 12 loss: 0.27847394347190856934 
2024-04-26 20:17:33,709 - INFO - 12	 YES

2024-04-26 20:17:33,732 - INFO - Test Step: 13 loss: 0.30875739455223083496 
2024-04-26 20:17:33,732 - INFO - 13	 YES

2024-04-26 20:17:33,753 - INFO - Test Step: 14 loss: 0.30875739455223083496 
2024-04-26 20:17:33,753 - INFO - 14	 YES

2024-04-26 20:17:33,842 - INFO - Test Step: 15 loss: 0.30875754356384277344 
2024-04-26 20:17:33,842 - INFO - 15	 YES

2024-04-26 20:17:33,845 - INFO - Test Step: 16 loss: 0.27847394347190856934 
2024-04-26 20:17:33,845 - INFO - 16	 YES

2024-04-26 20:17:33,872 - INFO - Test Step: 17 loss: 1.32560896873474121094 
2024-04-26 20:17:33,872 - INFO - 17	 NO

2024-04-26 20:17:35,074 - INFO - Test Step: 18 loss: 0.30875754356384277344 
2024-04-26 20:17:35,074 - INFO - 18	 YES

2024-04-26 20:17:35,214 - INFO - Test Step: 19 loss: 1.32560873031616210938 
2024-04-26 20:17:35,214 - INFO - 19	 NO

2024-04-26 20:17:35,219 - INFO - Test Step: 20 loss: 0.27847394347190856934 
2024-04-26 20:17:35,219 - INFO - 20	 YES

2024-04-26 20:17:35,244 - INFO - Test Step: 21 loss: 0.30875739455223083496 
2024-04-26 20:17:35,244 - INFO - 21	 YES

2024-04-26 20:17:35,248 - INFO - Test Step: 22 loss: 1.41443860530853271484 
2024-04-26 20:17:35,248 - INFO - 22	 NO

2024-04-26 20:17:35,251 - INFO - Test Step: 23 loss: 1.41443860530853271484 
2024-04-26 20:17:35,252 - INFO - 23	 NO

2024-04-26 20:17:35,426 - INFO - Test Step: 24 loss: 0.30875754356384277344 
2024-04-26 20:17:35,426 - INFO - 24	 YES

2024-04-26 20:17:35,472 - INFO - Test Step: 25 loss: 1.32560873031616210938 
2024-04-26 20:17:35,472 - INFO - 25	 NO

2024-04-26 20:17:35,618 - INFO - Test Step: 26 loss: 1.32560873031616210938 
2024-04-26 20:17:35,618 - INFO - 26	 NO

2024-04-26 20:17:36,896 - INFO - Test Step: 27 loss: 0.30875754356384277344 
2024-04-26 20:17:36,896 - INFO - 27	 YES

2024-04-26 20:17:36,973 - INFO - Test Step: 28 loss: 0.30875754356384277344 
2024-04-26 20:17:36,974 - INFO - 28	 YES

2024-04-26 20:17:36,981 - INFO - Test Step: 29 loss: 1.32741773128509521484 
2024-04-26 20:17:36,981 - INFO - 29	 NO

2024-04-26 20:17:36,988 - INFO - Test Step: 30 loss: 0.30866843461990356445 
2024-04-26 20:17:36,988 - INFO - 30	 YES

2024-04-26 20:17:37,175 - INFO - Test Step: 31 loss: 0.30875754356384277344 
2024-04-26 20:17:37,175 - INFO - 31	 YES

2024-04-26 20:17:37,191 - INFO - Test Step: 32 loss: 0.30875739455223083496 
2024-04-26 20:17:37,192 - INFO - 32	 YES

2024-04-26 20:17:37,215 - INFO - Test Step: 33 loss: 1.32560896873474121094 
2024-04-26 20:17:37,216 - INFO - 33	 NO

2024-04-26 20:17:37,343 - INFO - Test Step: 34 loss: 1.32560873031616210938 
2024-04-26 20:17:37,343 - INFO - 34	 NO

2024-04-26 20:17:37,421 - INFO - Test Step: 35 loss: 0.30875754356384277344 
2024-04-26 20:17:37,421 - INFO - 35	 YES

2024-04-26 20:17:37,574 - INFO - Test Step: 36 loss: 0.30875754356384277344 
2024-04-26 20:17:37,574 - INFO - 36	 YES

2024-04-26 20:17:37,579 - INFO - Test Step: 37 loss: 1.33878588676452636719 
2024-04-26 20:17:37,579 - INFO - 37	 NO

2024-04-26 20:17:37,600 - INFO - Test Step: 38 loss: 0.30875739455223083496 
2024-04-26 20:17:37,601 - INFO - 38	 YES

2024-04-26 20:17:37,612 - INFO - Test Step: 39 loss: 0.30875724554061889648 
2024-04-26 20:17:37,612 - INFO - 39	 YES

2024-04-26 20:17:37,627 - INFO - Test Step: 40 loss: 0.30875730514526367188 
2024-04-26 20:17:37,627 - INFO - 40	 YES

2024-04-26 20:17:37,741 - INFO - Test Step: 41 loss: 1.32560873031616210938 
2024-04-26 20:17:37,742 - INFO - 41	 NO

2024-04-26 20:17:37,774 - INFO - Test Step: 42 loss: 0.30875748395919799805 
2024-04-26 20:17:37,775 - INFO - 42	 YES

2024-04-26 20:17:37,794 - INFO - Test Step: 43 loss: 0.30875739455223083496 
2024-04-26 20:17:37,794 - INFO - 43	 YES

2024-04-26 20:17:37,811 - INFO - Test Step: 44 loss: 0.30875739455223083496 
2024-04-26 20:17:37,812 - INFO - 44	 YES

2024-04-26 20:17:37,832 - INFO - Test Step: 45 loss: 0.30875739455223083496 
2024-04-26 20:17:37,832 - INFO - 45	 YES

2024-04-26 20:17:37,872 - INFO - Test Step: 46 loss: 1.32560873031616210938 
2024-04-26 20:17:37,872 - INFO - 46	 NO

2024-04-26 20:17:38,066 - INFO - Test Step: 47 loss: 0.30875754356384277344 
2024-04-26 20:17:38,066 - INFO - 47	 YES

2024-04-26 20:17:38,071 - INFO - Test Step: 48 loss: 0.30403336882591247559 
2024-04-26 20:17:38,071 - INFO - 48	 YES

2024-04-26 20:17:38,097 - INFO - Test Step: 49 loss: 0.30875748395919799805 
2024-04-26 20:17:38,097 - INFO - 49	 YES

2024-04-26 20:17:38,119 - INFO - Test Step: 50 loss: 0.30875739455223083496 
2024-04-26 20:17:38,119 - INFO - 50	 YES

2024-04-26 20:17:40,474 - INFO - Test Step: 51 loss: 0.30875754356384277344 
2024-04-26 20:17:40,474 - INFO - 51	 YES

2024-04-26 20:17:40,485 - INFO - Test Step: 52 loss: 1.32561051845550537109 
2024-04-26 20:17:40,485 - INFO - 52	 NO

2024-04-26 20:17:41,727 - INFO - Test Step: 53 loss: 1.32560873031616210938 
2024-04-26 20:17:41,727 - INFO - 53	 NO

2024-04-26 20:17:41,735 - INFO - Test Step: 54 loss: 0.30875560641288757324 
2024-04-26 20:17:41,735 - INFO - 54	 YES

2024-04-26 20:17:42,018 - INFO - Test Step: 55 loss: 1.32560873031616210938 
2024-04-26 20:17:42,018 - INFO - 55	 NO

2024-04-26 20:17:42,077 - INFO - Test Step: 56 loss: 1.32560873031616210938 
2024-04-26 20:17:42,077 - INFO - 56	 NO

2024-04-26 20:17:42,082 - INFO - Test Step: 57 loss: 0.30403336882591247559 
2024-04-26 20:17:42,082 - INFO - 57	 YES

2024-04-26 20:17:42,142 - INFO - Test Step: 58 loss: 0.30875754356384277344 
2024-04-26 20:17:42,142 - INFO - 58	 YES

2024-04-26 20:17:42,145 - INFO - Test Step: 59 loss: 0.27847394347190856934 
2024-04-26 20:17:42,145 - INFO - 59	 YES

2024-04-26 20:17:42,148 - INFO - Test Step: 60 loss: 0.27847394347190856934 
2024-04-26 20:17:42,149 - INFO - 60	 YES

2024-04-26 20:17:42,165 - INFO - Test Step: 61 loss: 1.32560920715332031250 
2024-04-26 20:17:42,165 - INFO - 61	 NO

2024-04-26 20:17:42,181 - INFO - Test Step: 62 loss: 0.30875739455223083496 
2024-04-26 20:17:42,182 - INFO - 62	 YES

2024-04-26 20:17:42,185 - INFO - Test Step: 63 loss: 0.30403336882591247559 
2024-04-26 20:17:42,185 - INFO - 63	 YES

2024-04-26 20:17:42,245 - INFO - Test Step: 64 loss: 1.32560873031616210938 
2024-04-26 20:17:42,245 - INFO - 64	 NO

2024-04-26 20:17:42,262 - INFO - Test Step: 65 loss: 1.32560920715332031250 
2024-04-26 20:17:42,263 - INFO - 65	 NO

2024-04-26 20:17:42,443 - INFO - Test Step: 66 loss: 1.32560873031616210938 
2024-04-26 20:17:42,443 - INFO - 66	 NO

2024-04-26 20:17:42,662 - INFO - Test Step: 67 loss: 1.32560873031616210938 
2024-04-26 20:17:42,663 - INFO - 67	 NO

2024-04-26 20:17:42,682 - INFO - Test Step: 68 loss: 0.30875739455223083496 
2024-04-26 20:17:42,682 - INFO - 68	 YES

2024-04-26 20:17:42,699 - INFO - Test Step: 69 loss: 0.30875739455223083496 
2024-04-26 20:17:42,699 - INFO - 69	 YES

2024-04-26 20:17:42,944 - INFO - Test Step: 70 loss: 1.32560873031616210938 
2024-04-26 20:17:42,944 - INFO - 70	 NO

2024-04-26 20:17:43,010 - INFO - Test Step: 71 loss: 0.30875754356384277344 
2024-04-26 20:17:43,010 - INFO - 71	 YES

2024-04-26 20:17:43,251 - INFO - Test Step: 72 loss: 1.32560873031616210938 
2024-04-26 20:17:43,251 - INFO - 72	 NO

2024-04-26 20:17:43,258 - INFO - Test Step: 73 loss: 1.32585513591766357422 
2024-04-26 20:17:43,259 - INFO - 73	 NO

2024-04-26 20:17:43,294 - INFO - Test Step: 74 loss: 0.30875754356384277344 
2024-04-26 20:17:43,294 - INFO - 74	 YES

2024-04-26 20:17:43,380 - INFO - Test Step: 75 loss: 0.30875754356384277344 
2024-04-26 20:17:43,380 - INFO - 75	 YES

2024-04-26 20:17:43,402 - INFO - Test Step: 76 loss: 0.30875739455223083496 
2024-04-26 20:17:43,402 - INFO - 76	 YES

2024-04-26 20:17:43,423 - INFO - Test Step: 77 loss: 1.32560920715332031250 
2024-04-26 20:17:43,423 - INFO - 77	 NO

2024-04-26 20:17:43,427 - INFO - Test Step: 78 loss: 1.41443860530853271484 
2024-04-26 20:17:43,427 - INFO - 78	 NO

2024-04-26 20:17:43,622 - INFO - Test Step: 79 loss: 0.30875754356384277344 
2024-04-26 20:17:43,623 - INFO - 79	 YES

2024-04-26 20:17:43,831 - INFO - Test Step: 80 loss: 1.32560873031616210938 
2024-04-26 20:17:43,831 - INFO - 80	 NO

2024-04-26 20:17:43,836 - INFO - Test Step: 81 loss: 1.41443860530853271484 
2024-04-26 20:17:43,836 - INFO - 81	 NO

2024-04-26 20:17:43,858 - INFO - Test Step: 82 loss: 0.30875739455223083496 
2024-04-26 20:17:43,858 - INFO - 82	 YES

2024-04-26 20:17:43,863 - INFO - Test Step: 83 loss: 0.27847394347190856934 
2024-04-26 20:17:43,863 - INFO - 83	 YES

2024-04-26 20:17:43,868 - INFO - Test Step: 84 loss: 1.32741773128509521484 
2024-04-26 20:17:43,869 - INFO - 84	 NO

2024-04-26 20:17:44,084 - INFO - Test Step: 85 loss: 1.32560873031616210938 
2024-04-26 20:17:44,084 - INFO - 85	 NO

2024-04-26 20:17:46,879 - INFO - Test Step: 86 loss: 0.30875754356384277344 
2024-04-26 20:17:46,879 - INFO - 86	 YES

2024-04-26 20:17:46,890 - INFO - Test Step: 87 loss: 1.32585513591766357422 
2024-04-26 20:17:46,890 - INFO - 87	 NO

2024-04-26 20:17:46,910 - INFO - Test Step: 88 loss: 1.32560920715332031250 
2024-04-26 20:17:46,910 - INFO - 88	 NO

2024-04-26 20:17:46,927 - INFO - Test Step: 89 loss: 0.30875739455223083496 
2024-04-26 20:17:46,927 - INFO - 89	 YES

2024-04-26 20:17:46,939 - INFO - Test Step: 90 loss: 0.30875730514526367188 
2024-04-26 20:17:46,940 - INFO - 90	 YES

2024-04-26 20:17:47,045 - INFO - Test Step: 91 loss: 1.32560873031616210938 
2024-04-26 20:17:47,045 - INFO - 91	 NO

2024-04-26 20:17:47,049 - INFO - Test Step: 92 loss: 0.27847394347190856934 
2024-04-26 20:17:47,049 - INFO - 92	 YES

2024-04-26 20:17:47,051 - INFO - Test Step: 93 loss: 0.27847394347190856934 
2024-04-26 20:17:47,051 - INFO - 93	 YES

2024-04-26 20:17:47,061 - INFO - Test Step: 94 loss: 1.32560956478118896484 
2024-04-26 20:17:47,061 - INFO - 94	 NO

2024-04-26 20:17:47,064 - INFO - Test Step: 95 loss: 0.27847394347190856934 
2024-04-26 20:17:47,064 - INFO - 95	 YES

2024-04-26 20:17:47,067 - INFO - Test Step: 96 loss: 0.27847394347190856934 
2024-04-26 20:17:47,067 - INFO - 96	 YES

2024-04-26 20:17:47,070 - INFO - Test Step: 97 loss: 0.27847394347190856934 
2024-04-26 20:17:47,070 - INFO - 97	 YES

2024-04-26 20:17:47,088 - INFO - Test Step: 98 loss: 0.30875739455223083496 
2024-04-26 20:17:47,089 - INFO - 98	 YES

2024-04-26 20:17:47,266 - INFO - Test Step: 99 loss: 0.30875754356384277344 
2024-04-26 20:17:47,266 - INFO - 99	 YES

2024-04-26 20:17:47,271 - INFO - Test Step: 100 loss: 0.27847394347190856934 
2024-04-26 20:17:47,271 - INFO - 100	 YES

2024-04-26 20:17:47,288 - INFO - Test Step: 101 loss: 0.30875739455223083496 
2024-04-26 20:17:47,288 - INFO - 101	 YES

2024-04-26 20:17:47,306 - INFO - Test Step: 102 loss: 0.30875739455223083496 
2024-04-26 20:17:47,306 - INFO - 102	 YES

2024-04-26 20:17:47,314 - INFO - Test Step: 103 loss: 0.30875560641288757324 
2024-04-26 20:17:47,314 - INFO - 103	 YES

2024-04-26 20:17:47,318 - INFO - Test Step: 104 loss: 0.27847394347190856934 
2024-04-26 20:17:47,318 - INFO - 104	 YES

2024-04-26 20:17:47,938 - INFO - Test Step: 105 loss: 1.32560873031616210938 
2024-04-26 20:17:47,938 - INFO - 105	 NO

2024-04-26 20:17:47,946 - INFO - Test Step: 106 loss: 1.32741773128509521484 
2024-04-26 20:17:47,946 - INFO - 106	 NO

2024-04-26 20:17:48,003 - INFO - Test Step: 107 loss: 1.32560873031616210938 
2024-04-26 20:17:48,003 - INFO - 107	 NO

2024-04-26 20:17:48,032 - INFO - Test Step: 108 loss: 0.30875748395919799805 
2024-04-26 20:17:48,033 - INFO - 108	 YES

2024-04-26 20:17:48,766 - INFO - Test Step: 109 loss: 1.32560873031616210938 
2024-04-26 20:17:48,766 - INFO - 109	 NO

2024-04-26 20:17:48,776 - INFO - Test Step: 110 loss: 0.30875724554061889648 
2024-04-26 20:17:48,776 - INFO - 110	 YES

2024-04-26 20:17:48,933 - INFO - Test Step: 111 loss: 0.30875754356384277344 
2024-04-26 20:17:48,933 - INFO - 111	 YES

2024-04-26 20:17:48,998 - INFO - Test Step: 112 loss: 0.30875754356384277344 
2024-04-26 20:17:48,998 - INFO - 112	 YES

2024-04-26 20:17:49,024 - INFO - Test Step: 113 loss: 0.30875739455223083496 
2024-04-26 20:17:49,024 - INFO - 113	 YES

2024-04-26 20:17:49,044 - INFO - Test Step: 114 loss: 0.30875739455223083496 
2024-04-26 20:17:49,045 - INFO - 114	 YES

2024-04-26 20:17:49,071 - INFO - Test Step: 115 loss: 0.30875748395919799805 
2024-04-26 20:17:49,071 - INFO - 115	 YES

2024-04-26 20:17:49,110 - INFO - Test Step: 116 loss: 1.32560873031616210938 
2024-04-26 20:17:49,110 - INFO - 116	 NO

2024-04-26 20:17:49,130 - INFO - Test Step: 117 loss: 0.30875739455223083496 
2024-04-26 20:17:49,130 - INFO - 117	 YES

2024-04-26 20:17:49,135 - INFO - Test Step: 118 loss: 1.32585513591766357422 
2024-04-26 20:17:49,135 - INFO - 118	 NO

2024-04-26 20:17:49,157 - INFO - Test Step: 119 loss: 0.30875739455223083496 
2024-04-26 20:17:49,157 - INFO - 119	 YES

2024-04-26 20:17:49,334 - INFO - Test Step: 120 loss: 0.30875754356384277344 
2024-04-26 20:17:49,334 - INFO - 120	 YES

2024-04-26 20:17:49,373 - INFO - Test Step: 121 loss: 1.32560873031616210938 
2024-04-26 20:17:49,373 - INFO - 121	 NO

2024-04-26 20:17:49,377 - INFO - Test Step: 122 loss: 0.27847394347190856934 
2024-04-26 20:17:49,377 - INFO - 122	 YES

2024-04-26 20:17:49,402 - INFO - Test Step: 123 loss: 0.30875748395919799805 
2024-04-26 20:17:49,402 - INFO - 123	 YES

2024-04-26 20:17:49,406 - INFO - Test Step: 124 loss: 1.41443860530853271484 
2024-04-26 20:17:49,406 - INFO - 124	 NO

2024-04-26 20:17:49,522 - INFO - Test Step: 125 loss: 1.32560873031616210938 
2024-04-26 20:17:49,522 - INFO - 125	 NO

2024-04-26 20:17:49,546 - INFO - Test Step: 126 loss: 0.30875748395919799805 
2024-04-26 20:17:49,546 - INFO - 126	 YES

2024-04-26 20:17:49,550 - INFO - Test Step: 127 loss: 0.27847394347190856934 
2024-04-26 20:17:49,550 - INFO - 127	 YES

2024-04-26 20:17:49,752 - INFO - Test Step: 128 loss: 0.30875754356384277344 
2024-04-26 20:17:49,752 - INFO - 128	 YES

2024-04-26 20:17:49,756 - INFO - Test Step: 129 loss: 0.27847394347190856934 
2024-04-26 20:17:49,757 - INFO - 129	 YES

2024-04-26 20:17:49,760 - INFO - Test Step: 130 loss: 0.27847394347190856934 
2024-04-26 20:17:49,761 - INFO - 130	 YES

2024-04-26 20:17:50,580 - INFO - Test Step: 131 loss: 1.32560873031616210938 
2024-04-26 20:17:50,581 - INFO - 131	 NO

2024-04-26 20:17:50,595 - INFO - Test Step: 132 loss: 1.32585513591766357422 
2024-04-26 20:17:50,595 - INFO - 132	 NO

2024-04-26 20:17:50,790 - INFO - Test Step: 133 loss: 0.30875754356384277344 
2024-04-26 20:17:50,790 - INFO - 133	 YES

2024-04-26 20:17:50,799 - INFO - Test Step: 134 loss: 0.30875724554061889648 
2024-04-26 20:17:50,799 - INFO - 134	 YES

2024-04-26 20:17:50,803 - INFO - Test Step: 135 loss: 0.30403336882591247559 
2024-04-26 20:17:50,803 - INFO - 135	 YES

2024-04-26 20:17:50,805 - INFO - Test Step: 136 loss: 0.27847394347190856934 
2024-04-26 20:17:50,806 - INFO - 136	 YES

2024-04-26 20:17:50,809 - INFO - Test Step: 137 loss: 0.27847394347190856934 
2024-04-26 20:17:50,809 - INFO - 137	 YES

2024-04-26 20:17:50,867 - INFO - Test Step: 138 loss: 1.32560873031616210938 
2024-04-26 20:17:50,868 - INFO - 138	 NO

2024-04-26 20:17:50,911 - INFO - Test Step: 139 loss: 1.32560873031616210938 
2024-04-26 20:17:50,911 - INFO - 139	 NO

2024-04-26 20:17:51,046 - INFO - Test Step: 140 loss: 1.32560873031616210938 
2024-04-26 20:17:51,046 - INFO - 140	 NO

2024-04-26 20:17:51,066 - INFO - Test Step: 141 loss: 0.30875739455223083496 
2024-04-26 20:17:51,066 - INFO - 141	 YES

2024-04-26 20:17:51,222 - INFO - Test Step: 142 loss: 0.30875754356384277344 
2024-04-26 20:17:51,222 - INFO - 142	 YES

2024-04-26 20:17:51,267 - INFO - Test Step: 143 loss: 1.32560873031616210938 
2024-04-26 20:17:51,267 - INFO - 143	 NO

2024-04-26 20:17:51,270 - INFO - Test Step: 144 loss: 0.27847394347190856934 
2024-04-26 20:17:51,271 - INFO - 144	 YES

2024-04-26 20:17:51,274 - INFO - Test Accuracy: 0.645833  F1: 0.784810
