2024-04-26 20:21:01,987 - INFO - Begin training!!!
2024-04-26 20:21:01,997 - INFO - Begin testing!!!
2024-04-26 20:21:01,997 - INFO - Test Dataset size: 144 
2024-04-26 20:21:02,016 - INFO - Test Step: 1 loss: 0.54574215412139892578 
2024-04-26 20:21:02,017 - INFO - 1	 YES

2024-04-26 20:21:02,157 - INFO - Test Step: 2 loss: 0.85795426368713378906 
2024-04-26 20:21:02,158 - INFO - 2	 NO

2024-04-26 20:21:02,172 - INFO - Test Step: 3 loss: 0.55169731378555297852 
2024-04-26 20:21:02,173 - INFO - 3	 YES

2024-04-26 20:21:02,177 - INFO - Test Step: 4 loss: 1.30312538146972656250 
2024-04-26 20:21:02,177 - INFO - 4	 NO

2024-04-26 20:21:02,209 - INFO - Test Step: 5 loss: 0.55169731378555297852 
2024-04-26 20:21:02,210 - INFO - 5	 YES

2024-04-26 20:21:02,215 - INFO - Test Step: 6 loss: 0.31701663136482238770 
2024-04-26 20:21:02,215 - INFO - 6	 YES

2024-04-26 20:21:02,224 - INFO - Test Step: 7 loss: 0.55168253183364868164 
2024-04-26 20:21:02,224 - INFO - 7	 YES

2024-04-26 20:21:02,246 - INFO - Test Step: 8 loss: 0.55169731378555297852 
2024-04-26 20:21:02,246 - INFO - 8	 YES

2024-04-26 20:21:02,259 - INFO - Test Step: 9 loss: 0.55169731378555297852 
2024-04-26 20:21:02,259 - INFO - 9	 YES

2024-04-26 20:21:02,326 - INFO - Test Step: 10 loss: 0.55169731378555297852 
2024-04-26 20:21:02,326 - INFO - 10	 YES

2024-04-26 20:21:02,418 - INFO - Test Step: 11 loss: 0.55169731378555297852 
2024-04-26 20:21:02,418 - INFO - 11	 YES

2024-04-26 20:21:02,421 - INFO - Test Step: 12 loss: 0.31701663136482238770 
2024-04-26 20:21:02,421 - INFO - 12	 YES

2024-04-26 20:21:02,444 - INFO - Test Step: 13 loss: 0.55169731378555297852 
2024-04-26 20:21:02,444 - INFO - 13	 YES

2024-04-26 20:21:02,466 - INFO - Test Step: 14 loss: 0.55169731378555297852 
2024-04-26 20:21:02,466 - INFO - 14	 YES

2024-04-26 20:21:02,552 - INFO - Test Step: 15 loss: 0.55169731378555297852 
2024-04-26 20:21:02,553 - INFO - 15	 YES

2024-04-26 20:21:02,556 - INFO - Test Step: 16 loss: 0.31701663136482238770 
2024-04-26 20:21:02,556 - INFO - 16	 YES

2024-04-26 20:21:02,580 - INFO - Test Step: 17 loss: 0.85795426368713378906 
2024-04-26 20:21:02,581 - INFO - 17	 NO

2024-04-26 20:21:03,636 - INFO - Test Step: 18 loss: 0.55169731378555297852 
2024-04-26 20:21:03,636 - INFO - 18	 YES

2024-04-26 20:21:03,738 - INFO - Test Step: 19 loss: 0.85795426368713378906 
2024-04-26 20:21:03,738 - INFO - 19	 NO

2024-04-26 20:21:03,741 - INFO - Test Step: 20 loss: 0.31701663136482238770 
2024-04-26 20:21:03,741 - INFO - 20	 YES

2024-04-26 20:21:03,756 - INFO - Test Step: 21 loss: 0.55169731378555297852 
2024-04-26 20:21:03,757 - INFO - 21	 YES

2024-04-26 20:21:03,761 - INFO - Test Step: 22 loss: 1.30312538146972656250 
2024-04-26 20:21:03,761 - INFO - 22	 NO

2024-04-26 20:21:03,764 - INFO - Test Step: 23 loss: 1.30312538146972656250 
2024-04-26 20:21:03,764 - INFO - 23	 NO

2024-04-26 20:21:03,944 - INFO - Test Step: 24 loss: 0.55169731378555297852 
2024-04-26 20:21:03,944 - INFO - 24	 YES

2024-04-26 20:21:03,987 - INFO - Test Step: 25 loss: 0.85795426368713378906 
2024-04-26 20:21:03,987 - INFO - 25	 NO

2024-04-26 20:21:04,122 - INFO - Test Step: 26 loss: 0.85795426368713378906 
2024-04-26 20:21:04,123 - INFO - 26	 NO

2024-04-26 20:21:05,298 - INFO - Test Step: 27 loss: 0.55169731378555297852 
2024-04-26 20:21:05,298 - INFO - 27	 YES

2024-04-26 20:21:05,368 - INFO - Test Step: 28 loss: 0.55169731378555297852 
2024-04-26 20:21:05,368 - INFO - 28	 YES

2024-04-26 20:21:05,373 - INFO - Test Step: 29 loss: 0.86610066890716552734 
2024-04-26 20:21:05,373 - INFO - 29	 NO

2024-04-26 20:21:05,378 - INFO - Test Step: 30 loss: 0.55088686943054199219 
2024-04-26 20:21:05,378 - INFO - 30	 YES

2024-04-26 20:21:05,543 - INFO - Test Step: 31 loss: 0.55169731378555297852 
2024-04-26 20:21:05,544 - INFO - 31	 YES

2024-04-26 20:21:05,557 - INFO - Test Step: 32 loss: 0.55169731378555297852 
2024-04-26 20:21:05,557 - INFO - 32	 YES

2024-04-26 20:21:05,584 - INFO - Test Step: 33 loss: 0.85795426368713378906 
2024-04-26 20:21:05,584 - INFO - 33	 NO

2024-04-26 20:21:05,729 - INFO - Test Step: 34 loss: 0.85795426368713378906 
2024-04-26 20:21:05,729 - INFO - 34	 NO

2024-04-26 20:21:05,833 - INFO - Test Step: 35 loss: 0.55169731378555297852 
2024-04-26 20:21:05,833 - INFO - 35	 YES

2024-04-26 20:21:05,999 - INFO - Test Step: 36 loss: 0.55169731378555297852 
2024-04-26 20:21:05,999 - INFO - 36	 YES

2024-04-26 20:21:06,004 - INFO - Test Step: 37 loss: 0.91832792758941650391 
2024-04-26 20:21:06,004 - INFO - 37	 NO

2024-04-26 20:21:06,020 - INFO - Test Step: 38 loss: 0.55169731378555297852 
2024-04-26 20:21:06,020 - INFO - 38	 YES

2024-04-26 20:21:06,030 - INFO - Test Step: 39 loss: 0.55169731378555297852 
2024-04-26 20:21:06,030 - INFO - 39	 YES

2024-04-26 20:21:06,042 - INFO - Test Step: 40 loss: 0.55169731378555297852 
2024-04-26 20:21:06,043 - INFO - 40	 YES

2024-04-26 20:21:06,153 - INFO - Test Step: 41 loss: 0.85795426368713378906 
2024-04-26 20:21:06,153 - INFO - 41	 NO

2024-04-26 20:21:06,177 - INFO - Test Step: 42 loss: 0.55169731378555297852 
2024-04-26 20:21:06,177 - INFO - 42	 YES

2024-04-26 20:21:06,197 - INFO - Test Step: 43 loss: 0.55169731378555297852 
2024-04-26 20:21:06,197 - INFO - 43	 YES

2024-04-26 20:21:06,210 - INFO - Test Step: 44 loss: 0.55169731378555297852 
2024-04-26 20:21:06,211 - INFO - 44	 YES

2024-04-26 20:21:06,227 - INFO - Test Step: 45 loss: 0.55169731378555297852 
2024-04-26 20:21:06,227 - INFO - 45	 YES

2024-04-26 20:21:06,259 - INFO - Test Step: 46 loss: 0.85795426368713378906 
2024-04-26 20:21:06,259 - INFO - 46	 NO

2024-04-26 20:21:06,465 - INFO - Test Step: 47 loss: 0.55169731378555297852 
2024-04-26 20:21:06,466 - INFO - 47	 YES

2024-04-26 20:21:06,471 - INFO - Test Step: 48 loss: 0.50946980714797973633 
2024-04-26 20:21:06,471 - INFO - 48	 YES

2024-04-26 20:21:06,499 - INFO - Test Step: 49 loss: 0.55169731378555297852 
2024-04-26 20:21:06,499 - INFO - 49	 YES

2024-04-26 20:21:06,521 - INFO - Test Step: 50 loss: 0.55169731378555297852 
2024-04-26 20:21:06,521 - INFO - 50	 YES

2024-04-26 20:21:08,807 - INFO - Test Step: 51 loss: 0.55169731378555297852 
2024-04-26 20:21:08,807 - INFO - 51	 YES

2024-04-26 20:21:08,820 - INFO - Test Step: 52 loss: 0.85795682668685913086 
2024-04-26 20:21:08,820 - INFO - 52	 NO

2024-04-26 20:21:10,032 - INFO - Test Step: 53 loss: 0.85795426368713378906 
2024-04-26 20:21:10,032 - INFO - 53	 NO

2024-04-26 20:21:10,043 - INFO - Test Step: 54 loss: 0.55168253183364868164 
2024-04-26 20:21:10,043 - INFO - 54	 YES

2024-04-26 20:21:10,362 - INFO - Test Step: 55 loss: 0.85795426368713378906 
2024-04-26 20:21:10,363 - INFO - 55	 NO

2024-04-26 20:21:10,432 - INFO - Test Step: 56 loss: 0.85795426368713378906 
2024-04-26 20:21:10,433 - INFO - 56	 NO

2024-04-26 20:21:10,438 - INFO - Test Step: 57 loss: 0.50946980714797973633 
2024-04-26 20:21:10,439 - INFO - 57	 YES

2024-04-26 20:21:10,512 - INFO - Test Step: 58 loss: 0.55169731378555297852 
2024-04-26 20:21:10,512 - INFO - 58	 YES

2024-04-26 20:21:10,516 - INFO - Test Step: 59 loss: 0.31701663136482238770 
2024-04-26 20:21:10,516 - INFO - 59	 YES

2024-04-26 20:21:10,520 - INFO - Test Step: 60 loss: 0.31701663136482238770 
2024-04-26 20:21:10,520 - INFO - 60	 YES

2024-04-26 20:21:10,538 - INFO - Test Step: 61 loss: 0.85795426368713378906 
2024-04-26 20:21:10,538 - INFO - 61	 NO

2024-04-26 20:21:10,554 - INFO - Test Step: 62 loss: 0.55169731378555297852 
2024-04-26 20:21:10,554 - INFO - 62	 YES

2024-04-26 20:21:10,559 - INFO - Test Step: 63 loss: 0.50946980714797973633 
2024-04-26 20:21:10,559 - INFO - 63	 YES

2024-04-26 20:21:10,625 - INFO - Test Step: 64 loss: 0.85795426368713378906 
2024-04-26 20:21:10,625 - INFO - 64	 NO

2024-04-26 20:21:10,643 - INFO - Test Step: 65 loss: 0.85795426368713378906 
2024-04-26 20:21:10,643 - INFO - 65	 NO

2024-04-26 20:21:10,815 - INFO - Test Step: 66 loss: 0.85795426368713378906 
2024-04-26 20:21:10,815 - INFO - 66	 NO

2024-04-26 20:21:11,033 - INFO - Test Step: 67 loss: 0.85795426368713378906 
2024-04-26 20:21:11,033 - INFO - 67	 NO

2024-04-26 20:21:11,051 - INFO - Test Step: 68 loss: 0.55169731378555297852 
2024-04-26 20:21:11,051 - INFO - 68	 YES

2024-04-26 20:21:11,064 - INFO - Test Step: 69 loss: 0.55169731378555297852 
2024-04-26 20:21:11,064 - INFO - 69	 YES

2024-04-26 20:21:11,289 - INFO - Test Step: 70 loss: 0.85795426368713378906 
2024-04-26 20:21:11,290 - INFO - 70	 NO

2024-04-26 20:21:11,358 - INFO - Test Step: 71 loss: 0.55169731378555297852 
2024-04-26 20:21:11,359 - INFO - 71	 YES

2024-04-26 20:21:11,586 - INFO - Test Step: 72 loss: 0.85795426368713378906 
2024-04-26 20:21:11,586 - INFO - 72	 NO

2024-04-26 20:21:11,592 - INFO - Test Step: 73 loss: 0.85905623435974121094 
2024-04-26 20:21:11,592 - INFO - 73	 NO

2024-04-26 20:21:11,622 - INFO - Test Step: 74 loss: 0.55169731378555297852 
2024-04-26 20:21:11,622 - INFO - 74	 YES

2024-04-26 20:21:11,703 - INFO - Test Step: 75 loss: 0.55169731378555297852 
2024-04-26 20:21:11,703 - INFO - 75	 YES

2024-04-26 20:21:11,724 - INFO - Test Step: 76 loss: 0.55169731378555297852 
2024-04-26 20:21:11,724 - INFO - 76	 YES

2024-04-26 20:21:11,745 - INFO - Test Step: 77 loss: 0.85795426368713378906 
2024-04-26 20:21:11,745 - INFO - 77	 NO

2024-04-26 20:21:11,750 - INFO - Test Step: 78 loss: 1.30312538146972656250 
2024-04-26 20:21:11,750 - INFO - 78	 NO

2024-04-26 20:21:11,936 - INFO - Test Step: 79 loss: 0.55169731378555297852 
2024-04-26 20:21:11,936 - INFO - 79	 YES

2024-04-26 20:21:12,100 - INFO - Test Step: 80 loss: 0.85795426368713378906 
2024-04-26 20:21:12,101 - INFO - 80	 NO

2024-04-26 20:21:12,104 - INFO - Test Step: 81 loss: 1.30312538146972656250 
2024-04-26 20:21:12,104 - INFO - 81	 NO

2024-04-26 20:21:12,122 - INFO - Test Step: 82 loss: 0.55169731378555297852 
2024-04-26 20:21:12,122 - INFO - 82	 YES

2024-04-26 20:21:12,127 - INFO - Test Step: 83 loss: 0.31701663136482238770 
2024-04-26 20:21:12,127 - INFO - 83	 YES

2024-04-26 20:21:12,133 - INFO - Test Step: 84 loss: 0.86610066890716552734 
2024-04-26 20:21:12,133 - INFO - 84	 NO

2024-04-26 20:21:12,339 - INFO - Test Step: 85 loss: 0.85795426368713378906 
2024-04-26 20:21:12,340 - INFO - 85	 NO

2024-04-26 20:21:15,256 - INFO - Test Step: 86 loss: 0.55169731378555297852 
2024-04-26 20:21:15,256 - INFO - 86	 YES

2024-04-26 20:21:15,267 - INFO - Test Step: 87 loss: 0.85905623435974121094 
2024-04-26 20:21:15,267 - INFO - 87	 NO

2024-04-26 20:21:15,286 - INFO - Test Step: 88 loss: 0.85795426368713378906 
2024-04-26 20:21:15,286 - INFO - 88	 NO

2024-04-26 20:21:15,303 - INFO - Test Step: 89 loss: 0.55169731378555297852 
2024-04-26 20:21:15,303 - INFO - 89	 YES

2024-04-26 20:21:15,317 - INFO - Test Step: 90 loss: 0.55169731378555297852 
2024-04-26 20:21:15,317 - INFO - 90	 YES

2024-04-26 20:21:15,428 - INFO - Test Step: 91 loss: 0.85795426368713378906 
2024-04-26 20:21:15,428 - INFO - 91	 NO

2024-04-26 20:21:15,431 - INFO - Test Step: 92 loss: 0.31701663136482238770 
2024-04-26 20:21:15,431 - INFO - 92	 YES

2024-04-26 20:21:15,435 - INFO - Test Step: 93 loss: 0.31701663136482238770 
2024-04-26 20:21:15,435 - INFO - 93	 YES

2024-04-26 20:21:15,447 - INFO - Test Step: 94 loss: 0.85795426368713378906 
2024-04-26 20:21:15,447 - INFO - 94	 NO

2024-04-26 20:21:15,451 - INFO - Test Step: 95 loss: 0.31701663136482238770 
2024-04-26 20:21:15,451 - INFO - 95	 YES

2024-04-26 20:21:15,455 - INFO - Test Step: 96 loss: 0.31701663136482238770 
2024-04-26 20:21:15,455 - INFO - 96	 YES

2024-04-26 20:21:15,459 - INFO - Test Step: 97 loss: 0.31701663136482238770 
2024-04-26 20:21:15,459 - INFO - 97	 YES

2024-04-26 20:21:15,479 - INFO - Test Step: 98 loss: 0.55169731378555297852 
2024-04-26 20:21:15,479 - INFO - 98	 YES

2024-04-26 20:21:15,624 - INFO - Test Step: 99 loss: 0.55169731378555297852 
2024-04-26 20:21:15,625 - INFO - 99	 YES

2024-04-26 20:21:15,628 - INFO - Test Step: 100 loss: 0.31701663136482238770 
2024-04-26 20:21:15,628 - INFO - 100	 YES

2024-04-26 20:21:15,642 - INFO - Test Step: 101 loss: 0.55169731378555297852 
2024-04-26 20:21:15,642 - INFO - 101	 YES

2024-04-26 20:21:15,662 - INFO - Test Step: 102 loss: 0.55169731378555297852 
2024-04-26 20:21:15,662 - INFO - 102	 YES

2024-04-26 20:21:15,669 - INFO - Test Step: 103 loss: 0.55168253183364868164 
2024-04-26 20:21:15,670 - INFO - 103	 YES

2024-04-26 20:21:15,673 - INFO - Test Step: 104 loss: 0.31701663136482238770 
2024-04-26 20:21:15,673 - INFO - 104	 YES

2024-04-26 20:21:16,314 - INFO - Test Step: 105 loss: 0.85795426368713378906 
2024-04-26 20:21:16,314 - INFO - 105	 NO

2024-04-26 20:21:16,321 - INFO - Test Step: 106 loss: 0.86610066890716552734 
2024-04-26 20:21:16,321 - INFO - 106	 NO

2024-04-26 20:21:16,371 - INFO - Test Step: 107 loss: 0.85795426368713378906 
2024-04-26 20:21:16,372 - INFO - 107	 NO

2024-04-26 20:21:16,399 - INFO - Test Step: 108 loss: 0.55169731378555297852 
2024-04-26 20:21:16,399 - INFO - 108	 YES

2024-04-26 20:21:17,085 - INFO - Test Step: 109 loss: 0.85795426368713378906 
2024-04-26 20:21:17,085 - INFO - 109	 NO

2024-04-26 20:21:17,098 - INFO - Test Step: 110 loss: 0.55169731378555297852 
2024-04-26 20:21:17,099 - INFO - 110	 YES

2024-04-26 20:21:17,279 - INFO - Test Step: 111 loss: 0.55169731378555297852 
2024-04-26 20:21:17,279 - INFO - 111	 YES

2024-04-26 20:21:17,354 - INFO - Test Step: 112 loss: 0.55169731378555297852 
2024-04-26 20:21:17,354 - INFO - 112	 YES

2024-04-26 20:21:17,379 - INFO - Test Step: 113 loss: 0.55169731378555297852 
2024-04-26 20:21:17,379 - INFO - 113	 YES

2024-04-26 20:21:17,406 - INFO - Test Step: 114 loss: 0.55169731378555297852 
2024-04-26 20:21:17,406 - INFO - 114	 YES

2024-04-26 20:21:17,439 - INFO - Test Step: 115 loss: 0.55169731378555297852 
2024-04-26 20:21:17,439 - INFO - 115	 YES

2024-04-26 20:21:17,481 - INFO - Test Step: 116 loss: 0.85795426368713378906 
2024-04-26 20:21:17,481 - INFO - 116	 NO

2024-04-26 20:21:17,509 - INFO - Test Step: 117 loss: 0.55169731378555297852 
2024-04-26 20:21:17,509 - INFO - 117	 YES

2024-04-26 20:21:17,517 - INFO - Test Step: 118 loss: 0.85905623435974121094 
2024-04-26 20:21:17,518 - INFO - 118	 NO

2024-04-26 20:21:17,539 - INFO - Test Step: 119 loss: 0.55169731378555297852 
2024-04-26 20:21:17,539 - INFO - 119	 YES

2024-04-26 20:21:17,719 - INFO - Test Step: 120 loss: 0.55169731378555297852 
2024-04-26 20:21:17,719 - INFO - 120	 YES

2024-04-26 20:21:17,757 - INFO - Test Step: 121 loss: 0.85795426368713378906 
2024-04-26 20:21:17,757 - INFO - 121	 NO

2024-04-26 20:21:17,761 - INFO - Test Step: 122 loss: 0.31701663136482238770 
2024-04-26 20:21:17,762 - INFO - 122	 YES

2024-04-26 20:21:17,786 - INFO - Test Step: 123 loss: 0.55169731378555297852 
2024-04-26 20:21:17,787 - INFO - 123	 YES

2024-04-26 20:21:17,792 - INFO - Test Step: 124 loss: 1.30312538146972656250 
2024-04-26 20:21:17,792 - INFO - 124	 NO

2024-04-26 20:21:17,920 - INFO - Test Step: 125 loss: 0.85795426368713378906 
2024-04-26 20:21:17,920 - INFO - 125	 NO

2024-04-26 20:21:17,946 - INFO - Test Step: 126 loss: 0.55169731378555297852 
2024-04-26 20:21:17,946 - INFO - 126	 YES

2024-04-26 20:21:17,950 - INFO - Test Step: 127 loss: 0.31701663136482238770 
2024-04-26 20:21:17,950 - INFO - 127	 YES

2024-04-26 20:21:18,142 - INFO - Test Step: 128 loss: 0.55169731378555297852 
2024-04-26 20:21:18,142 - INFO - 128	 YES

2024-04-26 20:21:18,146 - INFO - Test Step: 129 loss: 0.31701663136482238770 
2024-04-26 20:21:18,146 - INFO - 129	 YES

2024-04-26 20:21:18,150 - INFO - Test Step: 130 loss: 0.31701663136482238770 
2024-04-26 20:21:18,150 - INFO - 130	 YES

2024-04-26 20:21:18,953 - INFO - Test Step: 131 loss: 0.85795426368713378906 
2024-04-26 20:21:18,953 - INFO - 131	 NO

2024-04-26 20:21:18,961 - INFO - Test Step: 132 loss: 0.85905623435974121094 
2024-04-26 20:21:18,961 - INFO - 132	 NO

2024-04-26 20:21:19,146 - INFO - Test Step: 133 loss: 0.55169731378555297852 
2024-04-26 20:21:19,146 - INFO - 133	 YES

2024-04-26 20:21:19,158 - INFO - Test Step: 134 loss: 0.55169713497161865234 
2024-04-26 20:21:19,158 - INFO - 134	 YES

2024-04-26 20:21:19,164 - INFO - Test Step: 135 loss: 0.50946980714797973633 
2024-04-26 20:21:19,164 - INFO - 135	 YES

2024-04-26 20:21:19,169 - INFO - Test Step: 136 loss: 0.31701663136482238770 
2024-04-26 20:21:19,169 - INFO - 136	 YES

2024-04-26 20:21:19,174 - INFO - Test Step: 137 loss: 0.31701663136482238770 
2024-04-26 20:21:19,174 - INFO - 137	 YES

2024-04-26 20:21:19,234 - INFO - Test Step: 138 loss: 0.85795426368713378906 
2024-04-26 20:21:19,234 - INFO - 138	 NO

2024-04-26 20:21:19,276 - INFO - Test Step: 139 loss: 0.85795426368713378906 
2024-04-26 20:21:19,276 - INFO - 139	 NO

2024-04-26 20:21:19,447 - INFO - Test Step: 140 loss: 0.85795426368713378906 
2024-04-26 20:21:19,448 - INFO - 140	 NO

2024-04-26 20:21:19,472 - INFO - Test Step: 141 loss: 0.55169731378555297852 
2024-04-26 20:21:19,472 - INFO - 141	 YES

2024-04-26 20:21:19,656 - INFO - Test Step: 142 loss: 0.55169731378555297852 
2024-04-26 20:21:19,657 - INFO - 142	 YES

2024-04-26 20:21:19,711 - INFO - Test Step: 143 loss: 0.85795426368713378906 
2024-04-26 20:21:19,711 - INFO - 143	 NO

2024-04-26 20:21:19,716 - INFO - Test Step: 144 loss: 0.31701663136482238770 
2024-04-26 20:21:19,716 - INFO - 144	 YES

2024-04-26 20:21:19,718 - INFO - Test Accuracy: 0.645833  F1: 0.784810
